<?xml version="1.0" encoding="UTF-8"?>
<!-- Generated by org.testng.reporters.JUnitXMLReporter -->
<testsuite ignored="0" hostname="DESKTOP-NQMJ256" failures="2" tests="26" name="Test" time="780.894" errors="0" timestamp="2022-07-26T19:26:02 IST">
  <testcase classname="Test_case.Test_Case_Login" name="Login_TC_1" time="3.577"/>
  <testcase classname="Test_case.Test_Case_Login" name="Login_TC_2" time="3.149"/>
  <testcase classname="Test_case.Test_Case_Login" name="Login_TC_3" time="0.108"/>
  <testcase classname="Test_case.Test_Case_Login" name="Login_TC_4" time="14.299"/>
  <testcase classname="Test_case.Test_Case_Login" name="Login_TC_5" time="27.371"/>
  <testcase classname="Test_case.Test_Case_Home" name="Home_TC1" time="12.132"/>
  <testcase classname="Test_case.Test_Case_Home" name="Home_TC2" time="4.114"/>
  <testcase classname="Test_case.Test_Case_Home" name="Home_TC3" time="4.049"/>
  <testcase classname="Test_case.Test_Case_Home" name="Home_TC4" time="4.062"/>
  <testcase classname="Test_case.Test_Case_Home" name="Home_TC5" time="4.132"/>
  <testcase classname="Test_case.Test_Case_Contact" name="Contact_TC_1" time="12.444"/>
  <testcase classname="Test_case.Test_Case_Contact" name="Contact_TC_2" time="21.98"/>
  <testcase classname="Test_case.Test_Case_Contact" name="Contact_TC_3" time="10.64">
    <failure type="org.openqa.selenium.InvalidSelectorException" message="invalid selector: The result of the xpath expression &amp;quot;//*[@id=&amp;quot;main-content&amp;quot;]/div/div[2]/form/div[7]/div[2]/div/div/div/div[1]/div/div[1]/text()&amp;quot; is: [object Text]. It should be an element.
  (Session info: chrome=103.0.5060.134)
For documentation on this error, please visit: https://www.seleniumhq.org/exceptions/invalid_selector_exception.html
Build info: version: &amp;apos;3.141.59&amp;apos;, revision: &amp;apos;e82be7d358&amp;apos;, time: &amp;apos;2018-11-14T08:17:03&amp;apos;
System info: host: &amp;apos;DESKTOP-NQMJ256&amp;apos;, ip: &amp;apos;192.168.86.70&amp;apos;, os.name: &amp;apos;Windows 10&amp;apos;, os.arch: &amp;apos;amd64&amp;apos;, os.version: &amp;apos;10.0&amp;apos;, java.version: &amp;apos;17.0.1&amp;apos;
Driver info: org.openqa.selenium.chrome.ChromeDriver
Capabilities {acceptInsecureCerts: false, browserName: chrome, browserVersion: 103.0.5060.134, chrome: {chromedriverVersion: 103.0.5060.134 (8ec6fce403b..., userDataDir: C:\Users\USER1~1\AppData\Lo...}, goog:chromeOptions: {debuggerAddress: localhost:51693}, javascriptEnabled: true, networkConnectionEnabled: false, pageLoadStrategy: normal, platform: WINDOWS, platformName: WINDOWS, proxy: Proxy(), setWindowRect: true, strictFileInteractability: false, timeouts: {implicit: 0, pageLoad: 300000, script: 30000}, unhandledPromptBehavior: dismiss and notify, webauthn:extension:credBlob: true, webauthn:extension:largeBlob: true, webauthn:virtualAuthenticators: true}
Session ID: 19846a4149faaa133328dd2bbc95a9e9
*** Element info: {Using=xpath, value=//*[@id=&amp;quot;main-content&amp;quot;]/div/div[2]/form/div[7]/div[2]/div/div/div/div[1]/div/div[1]/text()}">
      <![CDATA[org.openqa.selenium.InvalidSelectorException: invalid selector: The result of the xpath expression "//*[@id="main-content"]/div/div[2]/form/div[7]/div[2]/div/div/div/div[1]/div/div[1]/text()" is: [object Text]. It should be an element.
  (Session info: chrome=103.0.5060.134)
For documentation on this error, please visit: https://www.seleniumhq.org/exceptions/invalid_selector_exception.html
Build info: version: '3.141.59', revision: 'e82be7d358', time: '2018-11-14T08:17:03'
System info: host: 'DESKTOP-NQMJ256', ip: '192.168.86.70', os.name: 'Windows 10', os.arch: 'amd64', os.version: '10.0', java.version: '17.0.1'
Driver info: org.openqa.selenium.chrome.ChromeDriver
Capabilities {acceptInsecureCerts: false, browserName: chrome, browserVersion: 103.0.5060.134, chrome: {chromedriverVersion: 103.0.5060.134 (8ec6fce403b..., userDataDir: C:\Users\USER1~1\AppData\Lo...}, goog:chromeOptions: {debuggerAddress: localhost:51693}, javascriptEnabled: true, networkConnectionEnabled: false, pageLoadStrategy: normal, platform: WINDOWS, platformName: WINDOWS, proxy: Proxy(), setWindowRect: true, strictFileInteractability: false, timeouts: {implicit: 0, pageLoad: 300000, script: 30000}, unhandledPromptBehavior: dismiss and notify, webauthn:extension:credBlob: true, webauthn:extension:largeBlob: true, webauthn:virtualAuthenticators: true}
Session ID: 19846a4149faaa133328dd2bbc95a9e9
*** Element info: {Using=xpath, value=//*[@id="main-content"]/div/div[2]/form/div[7]/div[2]/div/div/div/div[1]/div/div[1]/text()}
at org.openqa.selenium.remote.http.W3CHttpResponseCodec.createException(W3CHttpResponseCodec.java:187)
at org.openqa.selenium.remote.http.W3CHttpResponseCodec.decode(W3CHttpResponseCodec.java:122)
at org.openqa.selenium.remote.http.W3CHttpResponseCodec.decode(W3CHttpResponseCodec.java:49)
at org.openqa.selenium.remote.HttpCommandExecutor.execute(HttpCommandExecutor.java:158)
at org.openqa.selenium.remote.service.DriverCommandExecutor.execute(DriverCommandExecutor.java:83)
at org.openqa.selenium.remote.RemoteWebDriver.execute(RemoteWebDriver.java:552)
at org.openqa.selenium.remote.RemoteWebDriver.findElement(RemoteWebDriver.java:323)
at org.openqa.selenium.remote.RemoteWebDriver.findElementByXPath(RemoteWebDriver.java:428)
at org.openqa.selenium.By$ByXPath.findElement(By.java:353)
at org.openqa.selenium.remote.RemoteWebDriver.findElement(RemoteWebDriver.java:315)
at org.openqa.selenium.support.events.EventFiringWebDriver.lambda$new$1(EventFiringWebDriver.java:105)
at jdk.proxy2/jdk.proxy2.$Proxy12.findElement(Unknown Source)
at org.openqa.selenium.support.events.EventFiringWebDriver.findElement(EventFiringWebDriver.java:194)
at org.openqa.selenium.support.pagefactory.DefaultElementLocator.findElement(DefaultElementLocator.java:69)
at org.openqa.selenium.support.pagefactory.internal.LocatingElementHandler.invoke(LocatingElementHandler.java:38)
at jdk.proxy2/jdk.proxy2.$Proxy16.click(Unknown Source)
at Page_Objects.Contact_Page_Object.Verify_Contact(Contact_Page_Object.java:236)
at Test_case.Test_Case_Contact.Contact_TC_3(Test_Case_Contact.java:73)
at java.base/java.util.ArrayList.forEach(ArrayList.java:1511)
... Removed 35 stack frames]]>
    </failure>
  </testcase> <!-- Contact_TC_3 -->
  <testcase classname="Test_case.Test_Case_Contact" name="Contact_TC_4" time="9.077"/>
  <testcase classname="Test_case.Test_Case_Company" name="Comapny_TC_1" time="13.977"/>
  <testcase classname="Test_case.Test_Case_Company" name="Comapny_TC_2" time="20.71"/>
  <testcase classname="Test_case.Test_Case_Company" name="Comapny_TC_3" time="3.799"/>
  <testcase classname="Test_case.Test_Case_Company" name="Comapny_TC_4" time="12.841"/>
  <testcase classname="Test_case.Test_Case_Deals" name="Deals_page_TC_1" time="4.81"/>
  <testcase classname="Test_case.Test_Case_Deals" name="Deals_page_TC_2" time="14.302"/>
  <testcase classname="Test_case.Test_Case_Deals" name="Deals_page_TC_3" time="6.329"/>
  <testcase classname="Test_case.Test_Case_Deals" name="Deals_page_TC_4" time="30.048">
    <failure type="org.openqa.selenium.NoSuchElementException" message="no such element: Unable to locate element: {&amp;quot;method&amp;quot;:&amp;quot;xpath&amp;quot;,&amp;quot;selector&amp;quot;:&amp;quot;//div[@class=&amp;apos;ui fluid container no-margin&amp;apos;] /a[contains(text(),&amp;apos;Test_Deals&amp;apos;)]&amp;quot;}
  (Session info: chrome=103.0.5060.134)
For documentation on this error, please visit: https://www.seleniumhq.org/exceptions/no_such_element.html
Build info: version: &amp;apos;3.141.59&amp;apos;, revision: &amp;apos;e82be7d358&amp;apos;, time: &amp;apos;2018-11-14T08:17:03&amp;apos;
System info: host: &amp;apos;DESKTOP-NQMJ256&amp;apos;, ip: &amp;apos;192.168.86.70&amp;apos;, os.name: &amp;apos;Windows 10&amp;apos;, os.arch: &amp;apos;amd64&amp;apos;, os.version: &amp;apos;10.0&amp;apos;, java.version: &amp;apos;17.0.1&amp;apos;
Driver info: org.openqa.selenium.chrome.ChromeDriver
Capabilities {acceptInsecureCerts: false, browserName: chrome, browserVersion: 103.0.5060.134, chrome: {chromedriverVersion: 103.0.5060.134 (8ec6fce403b..., userDataDir: C:\Users\USER1~1\AppData\Lo...}, goog:chromeOptions: {debuggerAddress: localhost:52282}, javascriptEnabled: true, networkConnectionEnabled: false, pageLoadStrategy: normal, platform: WINDOWS, platformName: WINDOWS, proxy: Proxy(), setWindowRect: true, strictFileInteractability: false, timeouts: {implicit: 0, pageLoad: 300000, script: 30000}, unhandledPromptBehavior: dismiss and notify, webauthn:extension:credBlob: true, webauthn:extension:largeBlob: true, webauthn:virtualAuthenticators: true}
Session ID: b3d02090c384ab2e599fe4dcea3d56d7
*** Element info: {Using=xpath, value=//div[@class=&amp;apos;ui fluid container no-margin&amp;apos;] /a[contains(text(),&amp;apos;Test_Deals&amp;apos;)]}">
      <![CDATA[org.openqa.selenium.NoSuchElementException: no such element: Unable to locate element: {"method":"xpath","selector":"//div[@class='ui fluid container no-margin'] /a[contains(text(),'Test_Deals')]"}
  (Session info: chrome=103.0.5060.134)
For documentation on this error, please visit: https://www.seleniumhq.org/exceptions/no_such_element.html
Build info: version: '3.141.59', revision: 'e82be7d358', time: '2018-11-14T08:17:03'
System info: host: 'DESKTOP-NQMJ256', ip: '192.168.86.70', os.name: 'Windows 10', os.arch: 'amd64', os.version: '10.0', java.version: '17.0.1'
Driver info: org.openqa.selenium.chrome.ChromeDriver
Capabilities {acceptInsecureCerts: false, browserName: chrome, browserVersion: 103.0.5060.134, chrome: {chromedriverVersion: 103.0.5060.134 (8ec6fce403b..., userDataDir: C:\Users\USER1~1\AppData\Lo...}, goog:chromeOptions: {debuggerAddress: localhost:52282}, javascriptEnabled: true, networkConnectionEnabled: false, pageLoadStrategy: normal, platform: WINDOWS, platformName: WINDOWS, proxy: Proxy(), setWindowRect: true, strictFileInteractability: false, timeouts: {implicit: 0, pageLoad: 300000, script: 30000}, unhandledPromptBehavior: dismiss and notify, webauthn:extension:credBlob: true, webauthn:extension:largeBlob: true, webauthn:virtualAuthenticators: true}
Session ID: b3d02090c384ab2e599fe4dcea3d56d7
*** Element info: {Using=xpath, value=//div[@class='ui fluid container no-margin'] /a[contains(text(),'Test_Deals')]}
at org.openqa.selenium.remote.http.W3CHttpResponseCodec.createException(W3CHttpResponseCodec.java:187)
at org.openqa.selenium.remote.http.W3CHttpResponseCodec.decode(W3CHttpResponseCodec.java:122)
at org.openqa.selenium.remote.http.W3CHttpResponseCodec.decode(W3CHttpResponseCodec.java:49)
at org.openqa.selenium.remote.HttpCommandExecutor.execute(HttpCommandExecutor.java:158)
at org.openqa.selenium.remote.service.DriverCommandExecutor.execute(DriverCommandExecutor.java:83)
at org.openqa.selenium.remote.RemoteWebDriver.execute(RemoteWebDriver.java:552)
at org.openqa.selenium.remote.RemoteWebDriver.findElement(RemoteWebDriver.java:323)
at org.openqa.selenium.remote.RemoteWebDriver.findElementByXPath(RemoteWebDriver.java:428)
at org.openqa.selenium.By$ByXPath.findElement(By.java:353)
at org.openqa.selenium.remote.RemoteWebDriver.findElement(RemoteWebDriver.java:315)
at org.openqa.selenium.support.events.EventFiringWebDriver.lambda$new$1(EventFiringWebDriver.java:105)
at jdk.proxy2/jdk.proxy2.$Proxy12.findElement(Unknown Source)
at org.openqa.selenium.support.events.EventFiringWebDriver.findElement(EventFiringWebDriver.java:194)
at org.openqa.selenium.support.pagefactory.DefaultElementLocator.findElement(DefaultElementLocator.java:69)
at org.openqa.selenium.support.pagefactory.internal.LocatingElementHandler.invoke(LocatingElementHandler.java:38)
at jdk.proxy2/jdk.proxy2.$Proxy16.isDisplayed(Unknown Source)
at Page_Objects.Deals_Page_Object.Verify_Deals_dealsFrame(Deals_Page_Object.java:234)
at Test_case.Test_Case_Deals.Deals_page_TC_4(Test_Case_Deals.java:82)
at java.base/java.util.ArrayList.forEach(ArrayList.java:1511)
... Removed 35 stack frames]]>
    </failure>
  </testcase> <!-- Deals_page_TC_4 -->
  <testcase classname="Test_case.Test_Case_Deals" name="Deals_page_TC_5" time="4.356"/>
  <testcase classname="Test_case.Test_Case_Deals" name="Deals_page_TC_6" time="4.096"/>
  <testcase classname="Test_case.Test_Case_Deals" name="Deals_page_TC_7" time="3.872"/>
  <testcase classname="Test_case.Test_Case_Task" name="Task_TC_2" time="27.212"/>
</testsuite> <!-- Test -->
